<?xml version="1.0" encoding="UTF-8"?>
<!-- Generated by org.testng.reporters.JUnitXMLReporter -->
<testsuite ignored="2" hostname="DESKTOP-CBFC25M" failures="1" tests="3" name="Default test(failed)" time="3.129" errors="0" timestamp="2022-05-12T12:49:20 IST">
  <testcase classname="shinil.ExtentReportEx" name="@AfterMethod setTestResult" time="0.005">
    <failure type="java.lang.NullPointerException" message="Cannot invoke &amp;quot;com.aventstack.extentreports.ExtentTest.log(com.aventstack.extentreports.Status, String)&amp;quot; because &amp;quot;this.test&amp;quot; is null">
      <![CDATA[java.lang.NullPointerException: Cannot invoke "com.aventstack.extentreports.ExtentTest.log(com.aventstack.extentreports.Status, String)" because "this.test" is null
at shinil.ExtentReportEx.setTestResult(ExtentReportEx.java:79)
at java.base/java.util.ArrayList.forEach(ArrayList.java:1511)
... Removed 32 stack frames]]>
    </failure>
  </testcase> <!-- @AfterMethod setTestResult -->
  <testcase classname="shinil.ExtentReportEx" name="@BeforeMethod openApplication" time="-1.652339960357E9">
    <skipped/>
  </testcase> <!-- @BeforeMethod openApplication -->
  <testcase classname="shinil.ExtentReportEx" name="@AfterMethod setTestResult" time="-1.652339960363E9">
    <skipped/>
  </testcase> <!-- @AfterMethod setTestResult -->
  <testcase classname="shinil.ExtentReportEx" name="@BeforeMethod openApplication" time="-1.652339960365E9">
    <skipped/>
  </testcase> <!-- @BeforeMethod openApplication -->
  <testcase classname="shinil.ExtentReportEx" name="@AfterMethod setTestResult" time="-1.65233996037E9">
    <skipped/>
  </testcase> <!-- @AfterMethod setTestResult -->
  <testcase classname="shinil.ExtentReportEx" name="@AfterTest endTest" time="-1.652339960373E9">
    <skipped/>
  </testcase> <!-- @AfterTest endTest -->
  <testcase classname="shinil.ExtentReportEx" name="TC_03_verifyTittleTest" time="0.006">
    <failure type="java.lang.AssertionError" message="expected [true] but found [false]">
      <![CDATA[java.lang.AssertionError: expected [true] but found [false]
at shinil.ExtentReportEx.TC_03_verifyTittleTest(ExtentReportEx.java:65)
at java.base/java.util.ArrayList.forEach(ArrayList.java:1511)
... Removed 31 stack frames]]>
    </failure>
  </testcase> <!-- TC_03_verifyTittleTest -->
  <testcase classname="shinil.ExtentReportEx" name="TC_05_verifyTittleTest" time="0.0">
    <skipped/>
  </testcase> <!-- TC_05_verifyTittleTest -->
  <testcase classname="shinil.ExtentReportEx" name="TC_02_testcase" time="0.0">
    <skipped/>
  </testcase> <!-- TC_02_testcase -->
  <testcase classname="shinil.ExtentReportEx" name="TC_04_verifyTittleTest" time="0.0">
    <ignored/>
  </testcase> <!-- TC_04_verifyTittleTest -->
  <testcase classname="shinil.ExtentReportEx" name="TC_01_verifyTittleTest" time="0.0">
    <ignored/>
  </testcase> <!-- TC_01_verifyTittleTest -->
</testsuite> <!-- Default test(failed) -->
